


ARM Macro Assembler    Page 1 


    1 00000000         ;******************** (C) COPYRIGHT 2011 STMicroelectron
                       ics ********************
    2 00000000         ;* File Name          : startup_stm32f10x_ld.s
    3 00000000         ;* Author             : MCD Application Team
    4 00000000         ;* Version            : V3.5.0
    5 00000000         ;* Date               : 11-March-2011
    6 00000000         ;* Description        : STM32F10x Low Density Devices ve
                       ctor table for MDK-ARM 
    7 00000000         ;*                      toolchain. 
    8 00000000         ;*                      This module performs:
    9 00000000         ;*                      - Set the initial SP
   10 00000000         ;*                      - Set the initial PC == Reset_Ha
                       ndler
   11 00000000         ;*                      - Set the vector table entries w
                       ith the exceptions ISR address
   12 00000000         ;*                      - Configure the clock system
   13 00000000         ;*                      - Branches to __main in the C li
                       brary (which eventually
   14 00000000         ;*                        calls main()).
   15 00000000         ;*                      After Reset the CortexM3 process
                       or is in Thread mode,
   16 00000000         ;*                      priority is Privileged, and the 
                       Stack is set to Main.
   17 00000000         ;* <<< Use Configuration Wizard in Context Menu >>>   
   18 00000000         ;*******************************************************
                       ************************
   19 00000000         ; THE PRESENT FIRMWARE WHICH IS FOR GUIDANCE ONLY AIMS A
                       T PROVIDING CUSTOMERS
   20 00000000         ; WITH CODING INFORMATION REGARDING THEIR PRODUCTS IN OR
                       DER FOR THEM TO SAVE TIME.
   21 00000000         ; AS A RESULT, STMICROELECTRONICS SHALL NOT BE HELD LIAB
                       LE FOR ANY DIRECT,
   22 00000000         ; INDIRECT OR CONSEQUENTIAL DAMAGES WITH RESPECT TO ANY 
                       CLAIMS ARISING FROM THE
   23 00000000         ; CONTENT OF SUCH FIRMWARE AND/OR THE USE MADE BY CUSTOM
                       ERS OF THE CODING
   24 00000000         ; INFORMATION CONTAINED HEREIN IN CONNECTION WITH THEIR 
                       PRODUCTS.
   25 00000000         ;*******************************************************
                       ************************
   26 00000000         
   27 00000000         ; Amount of memory (in bytes) allocated for Stack
   28 00000000         ; Tailor this value to your application needs
   29 00000000         ; <h> Stack Configuration
   30 00000000         ;   <o> Stack Size (in Bytes) <0x0-0xFFFFFFFF:8>
   31 00000000         ; </h>
   32 00000000         
   33 00000000 00000400 
                       Stack_Size
                               EQU              0x00000400
   34 00000000         
   35 00000000                 AREA             STACK, NOINIT, READWRITE, ALIGN
=3
   36 00000000         Stack_Mem
                               SPACE            Stack_Size
   37 00000400         __initial_sp
   38 00000400         
   39 00000400         
   40 00000400         ; <h> Heap Configuration



ARM Macro Assembler    Page 2 


   41 00000400         ;   <o>  Heap Size (in Bytes) <0x0-0xFFFFFFFF:8>
   42 00000400         ; </h>
   43 00000400         
   44 00000400 00000200 
                       Heap_Size
                               EQU              0x00000200
   45 00000400         
   46 00000400                 AREA             HEAP, NOINIT, READWRITE, ALIGN=
3
   47 00000000         __heap_base
   48 00000000         Heap_Mem
                               SPACE            Heap_Size
   49 00000200         __heap_limit
   50 00000200         
   51 00000200                 PRESERVE8
   52 00000200                 THUMB
   53 00000200         
   54 00000200         
   55 00000200         ; Vector Table Mapped to Address 0 at Reset
   56 00000200                 AREA             RESET, DATA, READONLY
   57 00000000                 EXPORT           __Vectors
   58 00000000                 EXPORT           __Vectors_End
   59 00000000                 EXPORT           __Vectors_Size
   60 00000000         
   61 00000000 00000000 
                       __Vectors
                               DCD              __initial_sp ; Top of Stack
   62 00000004 00000000        DCD              Reset_Handler ; Reset Handler
   63 00000008 00000000        DCD              NMI_Handler ; NMI Handler
   64 0000000C 00000000        DCD              HardFault_Handler ; Hard Fault 
                                                            Handler
   65 00000010 00000000        DCD              MemManage_Handler 
                                                            ; MPU Fault Handler
                                                            
   66 00000014 00000000        DCD              BusFault_Handler 
                                                            ; Bus Fault Handler
                                                            
   67 00000018 00000000        DCD              UsageFault_Handler ; Usage Faul
                                                            t Handler
   68 0000001C 00000000        DCD              0           ; Reserved
   69 00000020 00000000        DCD              0           ; Reserved
   70 00000024 00000000        DCD              0           ; Reserved
   71 00000028 00000000        DCD              0           ; Reserved
   72 0000002C 00000000        DCD              SVC_Handler ; SVCall Handler
   73 00000030 00000000        DCD              DebugMon_Handler ; Debug Monito
                                                            r Handler
   74 00000034 00000000        DCD              0           ; Reserved
   75 00000038 00000000        DCD              PendSV_Handler ; PendSV Handler
                                                            
   76 0000003C 00000000        DCD              SysTick_Handler 
                                                            ; SysTick Handler
   77 00000040         
   78 00000040         ; External Interrupts
   79 00000040 00000000        DCD              WWDG_IRQHandler 
                                                            ; Window Watchdog
   80 00000044 00000000        DCD              PVD_IRQHandler ; PVD through EX
                                                            TI Line detect
   81 00000048 00000000        DCD              TAMPER_IRQHandler ; Tamper
   82 0000004C 00000000        DCD              RTC_IRQHandler ; RTC



ARM Macro Assembler    Page 3 


   83 00000050 00000000        DCD              FLASH_IRQHandler ; Flash
   84 00000054 00000000        DCD              RCC_IRQHandler ; RCC
   85 00000058 00000000        DCD              EXTI0_IRQHandler ; EXTI Line 0
   86 0000005C 00000000        DCD              EXTI1_IRQHandler ; EXTI Line 1
   87 00000060 00000000        DCD              EXTI2_IRQHandler ; EXTI Line 2
   88 00000064 00000000        DCD              EXTI3_IRQHandler ; EXTI Line 3
   89 00000068 00000000        DCD              EXTI4_IRQHandler ; EXTI Line 4
   90 0000006C 00000000        DCD              DMA1_Channel1_IRQHandler 
                                                            ; DMA1 Channel 1
   91 00000070 00000000        DCD              DMA1_Channel2_IRQHandler 
                                                            ; DMA1 Channel 2
   92 00000074 00000000        DCD              DMA1_Channel3_IRQHandler 
                                                            ; DMA1 Channel 3
   93 00000078 00000000        DCD              DMA1_Channel4_IRQHandler 
                                                            ; DMA1 Channel 4
   94 0000007C 00000000        DCD              DMA1_Channel5_IRQHandler 
                                                            ; DMA1 Channel 5
   95 00000080 00000000        DCD              DMA1_Channel6_IRQHandler 
                                                            ; DMA1 Channel 6
   96 00000084 00000000        DCD              DMA1_Channel7_IRQHandler 
                                                            ; DMA1 Channel 7
   97 00000088 00000000        DCD              ADC1_2_IRQHandler ; ADC1_2
   98 0000008C 00000000        DCD              USB_HP_CAN1_TX_IRQHandler ; USB
                                                             High Priority or C
                                                            AN1 TX
   99 00000090 00000000        DCD              USB_LP_CAN1_RX0_IRQHandler ; US
                                                            B Low  Priority or 
                                                            CAN1 RX0
  100 00000094 00000000        DCD              CAN1_RX1_IRQHandler ; CAN1 RX1
  101 00000098 00000000        DCD              CAN1_SCE_IRQHandler ; CAN1 SCE
  102 0000009C 00000000        DCD              EXTI9_5_IRQHandler 
                                                            ; EXTI Line 9..5
  103 000000A0 00000000        DCD              TIM1_BRK_IRQHandler 
                                                            ; TIM1 Break
  104 000000A4 00000000        DCD              TIM1_UP_IRQHandler 
                                                            ; TIM1 Update
  105 000000A8 00000000        DCD              TIM1_TRG_COM_IRQHandler ; TIM1 
                                                            Trigger and Commuta
                                                            tion
  106 000000AC 00000000        DCD              TIM1_CC_IRQHandler ; TIM1 Captu
                                                            re Compare
  107 000000B0 00000000        DCD              TIM2_IRQHandler ; TIM2
  108 000000B4 00000000        DCD              TIM3_IRQHandler ; TIM3
  109 000000B8 00000000        DCD              0           ; Reserved
  110 000000BC 00000000        DCD              I2C1_EV_IRQHandler ; I2C1 Event
                                                            
  111 000000C0 00000000        DCD              I2C1_ER_IRQHandler ; I2C1 Error
                                                            
  112 000000C4 00000000        DCD              0           ; Reserved
  113 000000C8 00000000        DCD              0           ; Reserved
  114 000000CC 00000000        DCD              SPI1_IRQHandler ; SPI1
  115 000000D0 00000000        DCD              0           ; Reserved
  116 000000D4 00000000        DCD              USART1_IRQHandler ; USART1
  117 000000D8 00000000        DCD              USART2_IRQHandler ; USART2
  118 000000DC 00000000        DCD              0           ; Reserved
  119 000000E0 00000000        DCD              EXTI15_10_IRQHandler 
                                                            ; EXTI Line 15..10
  120 000000E4 00000000        DCD              RTCAlarm_IRQHandler ; RTC Alarm
                                                             through EXTI Line



ARM Macro Assembler    Page 4 


  121 000000E8 00000000        DCD              USBWakeUp_IRQHandler ; USB Wake
                                                            up from suspend
  122 000000EC         __Vectors_End
  123 000000EC         
  124 000000EC 000000EC 
                       __Vectors_Size
                               EQU              __Vectors_End - __Vectors
  125 000000EC         
  126 000000EC                 AREA             |.text|, CODE, READONLY
  127 00000000         
  128 00000000         ; Reset handler routine
  129 00000000         Reset_Handler
                               PROC
  130 00000000                 EXPORT           Reset_Handler             [WEAK
]
  131 00000000                 IMPORT           __main
  132 00000000                 IMPORT           SystemInit
  133 00000000         ;FPU settings
  134 00000000 480C            LDR              R0, =0xE000ED88 
                                                            ; Enable CP10,CP11
  135 00000002 6801            LDR              R1,[R0]
  136 00000004 F441 0170       ORR              R1,R1,#(0xF << 20)
  137 00000008 6001            STR              R1,[R0]
  138 0000000A         
  139 0000000A 480B            LDR              R0, =SystemInit
  140 0000000C 4780            BLX              R0
  141 0000000E 480B            LDR              R0, =__main
  142 00000010 4700            BX               R0
  143 00000012                 ENDP
  144 00000012         
  145 00000012         ; Dummy Exception Handlers (infinite loops which can be 
                       modified)
  146 00000012         
  147 00000012         NMI_Handler
                               PROC
  148 00000012                 EXPORT           NMI_Handler                [WEA
K]
  149 00000012 E7FE            B                .
  150 00000014                 ENDP
  152 00000014         HardFault_Handler
                               PROC
  153 00000014                 EXPORT           HardFault_Handler          [WEA
K]
  154 00000014 E7FE            B                .
  155 00000016                 ENDP
  157 00000016         MemManage_Handler
                               PROC
  158 00000016                 EXPORT           MemManage_Handler          [WEA
K]
  159 00000016 E7FE            B                .
  160 00000018                 ENDP
  162 00000018         BusFault_Handler
                               PROC
  163 00000018                 EXPORT           BusFault_Handler           [WEA
K]
  164 00000018 E7FE            B                .
  165 0000001A                 ENDP
  167 0000001A         UsageFault_Handler
                               PROC



ARM Macro Assembler    Page 5 


  168 0000001A                 EXPORT           UsageFault_Handler         [WEA
K]
  169 0000001A E7FE            B                .
  170 0000001C                 ENDP
  171 0000001C         SVC_Handler
                               PROC
  172 0000001C                 EXPORT           SVC_Handler                [WEA
K]
  173 0000001C E7FE            B                .
  174 0000001E                 ENDP
  176 0000001E         DebugMon_Handler
                               PROC
  177 0000001E                 EXPORT           DebugMon_Handler           [WEA
K]
  178 0000001E E7FE            B                .
  179 00000020                 ENDP
  180 00000020         PendSV_Handler
                               PROC
  181 00000020                 EXPORT           PendSV_Handler             [WEA
K]
  182 00000020 E7FE            B                .
  183 00000022                 ENDP
  184 00000022         SysTick_Handler
                               PROC
  185 00000022                 EXPORT           SysTick_Handler            [WEA
K]
  186 00000022 E7FE            B                .
  187 00000024                 ENDP
  188 00000024         
  189 00000024         Default_Handler
                               PROC
  190 00000024         
  191 00000024                 EXPORT           WWDG_IRQHandler            [WEA
K]
  192 00000024                 EXPORT           PVD_IRQHandler             [WEA
K]
  193 00000024                 EXPORT           TAMPER_IRQHandler          [WEA
K]
  194 00000024                 EXPORT           RTC_IRQHandler             [WEA
K]
  195 00000024                 EXPORT           FLASH_IRQHandler           [WEA
K]
  196 00000024                 EXPORT           RCC_IRQHandler             [WEA
K]
  197 00000024                 EXPORT           EXTI0_IRQHandler           [WEA
K]
  198 00000024                 EXPORT           EXTI1_IRQHandler           [WEA
K]
  199 00000024                 EXPORT           EXTI2_IRQHandler           [WEA
K]
  200 00000024                 EXPORT           EXTI3_IRQHandler           [WEA
K]
  201 00000024                 EXPORT           EXTI4_IRQHandler           [WEA
K]
  202 00000024                 EXPORT           DMA1_Channel1_IRQHandler   [WEA
K]
  203 00000024                 EXPORT           DMA1_Channel2_IRQHandler   [WEA
K]
  204 00000024                 EXPORT           DMA1_Channel3_IRQHandler   [WEA



ARM Macro Assembler    Page 6 


K]
  205 00000024                 EXPORT           DMA1_Channel4_IRQHandler   [WEA
K]
  206 00000024                 EXPORT           DMA1_Channel5_IRQHandler   [WEA
K]
  207 00000024                 EXPORT           DMA1_Channel6_IRQHandler   [WEA
K]
  208 00000024                 EXPORT           DMA1_Channel7_IRQHandler   [WEA
K]
  209 00000024                 EXPORT           ADC1_2_IRQHandler          [WEA
K]
  210 00000024                 EXPORT           USB_HP_CAN1_TX_IRQHandler  [WEA
K]
  211 00000024                 EXPORT           USB_LP_CAN1_RX0_IRQHandler [WEA
K]
  212 00000024                 EXPORT           CAN1_RX1_IRQHandler        [WEA
K]
  213 00000024                 EXPORT           CAN1_SCE_IRQHandler        [WEA
K]
  214 00000024                 EXPORT           EXTI9_5_IRQHandler         [WEA
K]
  215 00000024                 EXPORT           TIM1_BRK_IRQHandler        [WEA
K]
  216 00000024                 EXPORT           TIM1_UP_IRQHandler         [WEA
K]
  217 00000024                 EXPORT           TIM1_TRG_COM_IRQHandler    [WEA
K]
  218 00000024                 EXPORT           TIM1_CC_IRQHandler         [WEA
K]
  219 00000024                 EXPORT           TIM2_IRQHandler            [WEA
K]
  220 00000024                 EXPORT           TIM3_IRQHandler            [WEA
K]
  221 00000024                 EXPORT           I2C1_EV_IRQHandler         [WEA
K]
  222 00000024                 EXPORT           I2C1_ER_IRQHandler         [WEA
K]
  223 00000024                 EXPORT           SPI1_IRQHandler            [WEA
K]
  224 00000024                 EXPORT           USART1_IRQHandler          [WEA
K]
  225 00000024                 EXPORT           USART2_IRQHandler          [WEA
K]
  226 00000024                 EXPORT           EXTI15_10_IRQHandler       [WEA
K]
  227 00000024                 EXPORT           RTCAlarm_IRQHandler        [WEA
K]
  228 00000024                 EXPORT           USBWakeUp_IRQHandler       [WEA
K]
  229 00000024         
  230 00000024         WWDG_IRQHandler
  231 00000024         PVD_IRQHandler
  232 00000024         TAMPER_IRQHandler
  233 00000024         RTC_IRQHandler
  234 00000024         FLASH_IRQHandler
  235 00000024         RCC_IRQHandler
  236 00000024         EXTI0_IRQHandler
  237 00000024         EXTI1_IRQHandler
  238 00000024         EXTI2_IRQHandler



ARM Macro Assembler    Page 7 


  239 00000024         EXTI3_IRQHandler
  240 00000024         EXTI4_IRQHandler
  241 00000024         DMA1_Channel1_IRQHandler
  242 00000024         DMA1_Channel2_IRQHandler
  243 00000024         DMA1_Channel3_IRQHandler
  244 00000024         DMA1_Channel4_IRQHandler
  245 00000024         DMA1_Channel5_IRQHandler
  246 00000024         DMA1_Channel6_IRQHandler
  247 00000024         DMA1_Channel7_IRQHandler
  248 00000024         ADC1_2_IRQHandler
  249 00000024         USB_HP_CAN1_TX_IRQHandler
  250 00000024         USB_LP_CAN1_RX0_IRQHandler
  251 00000024         CAN1_RX1_IRQHandler
  252 00000024         CAN1_SCE_IRQHandler
  253 00000024         EXTI9_5_IRQHandler
  254 00000024         TIM1_BRK_IRQHandler
  255 00000024         TIM1_UP_IRQHandler
  256 00000024         TIM1_TRG_COM_IRQHandler
  257 00000024         TIM1_CC_IRQHandler
  258 00000024         TIM2_IRQHandler
  259 00000024         TIM3_IRQHandler
  260 00000024         I2C1_EV_IRQHandler
  261 00000024         I2C1_ER_IRQHandler
  262 00000024         SPI1_IRQHandler
  263 00000024         USART1_IRQHandler
  264 00000024         USART2_IRQHandler
  265 00000024         EXTI15_10_IRQHandler
  266 00000024         RTCAlarm_IRQHandler
  267 00000024         USBWakeUp_IRQHandler
  268 00000024         
  269 00000024 E7FE            B                .
  270 00000026         
  271 00000026                 ENDP
  272 00000026         
  273 00000026 00 00           ALIGN
  274 00000028         
  275 00000028         ;*******************************************************
                       ************************
  276 00000028         ; User Stack and Heap initialization
  277 00000028         ;*******************************************************
                       ************************
  278 00000028                 IF               :DEF:__MICROLIB
  285 00000028         
  286 00000028                 IMPORT           __use_two_region_memory
  287 00000028                 EXPORT           __user_initial_stackheap
  288 00000028         
  289 00000028         __user_initial_stackheap
  290 00000028         
  291 00000028 4805            LDR              R0, =  Heap_Mem
  292 0000002A 4906            LDR              R1, =(Stack_Mem + Stack_Size)
  293 0000002C 4A06            LDR              R2, = (Heap_Mem +  Heap_Size)
  294 0000002E 4B07            LDR              R3, = Stack_Mem
  295 00000030 4770            BX               LR
  296 00000032         
  297 00000032 00 00           ALIGN
  298 00000034         
  299 00000034                 ENDIF
  300 00000034         
  301 00000034                 END



ARM Macro Assembler    Page 8 


              E000ED88 
              00000000 
              00000000 
              00000000 
              00000400 
              00000200 
              00000000 
Command Line: --debug --xref --cpu=Cortex-M3 --apcs=interwork --depend=.\out\st
artup_stm32f10x_ld.d -o.\out\startup_stm32f10x_ld.o -IC:\Keil\ARM\RV31\INC -IC:
\Keil\ARM\CMSIS\Include -IC:\Keil\ARM\Inc\ST\STM32F10x --predefine="__EVAL SETA
 1" --list=.\list\startup_stm32f10x_ld.lst ..\Lib\startup\arm\startup_stm32f10x
_ld.s



ARM Macro Assembler    Page 1 Alphabetic symbol ordering
Relocatable symbols

STACK 00000000

Symbol: STACK
   Definitions
      At line 35 in file ..\Lib\startup\arm\startup_stm32f10x_ld.s
   Uses
      None
Comment: STACK unused
Stack_Mem 00000000

Symbol: Stack_Mem
   Definitions
      At line 36 in file ..\Lib\startup\arm\startup_stm32f10x_ld.s
   Uses
      At line 292 in file ..\Lib\startup\arm\startup_stm32f10x_ld.s
      At line 294 in file ..\Lib\startup\arm\startup_stm32f10x_ld.s

__initial_sp 00000400

Symbol: __initial_sp
   Definitions
      At line 37 in file ..\Lib\startup\arm\startup_stm32f10x_ld.s
   Uses
      At line 61 in file ..\Lib\startup\arm\startup_stm32f10x_ld.s
Comment: __initial_sp used once
3 symbols



ARM Macro Assembler    Page 1 Alphabetic symbol ordering
Relocatable symbols

HEAP 00000000

Symbol: HEAP
   Definitions
      At line 46 in file ..\Lib\startup\arm\startup_stm32f10x_ld.s
   Uses
      None
Comment: HEAP unused
Heap_Mem 00000000

Symbol: Heap_Mem
   Definitions
      At line 48 in file ..\Lib\startup\arm\startup_stm32f10x_ld.s
   Uses
      At line 291 in file ..\Lib\startup\arm\startup_stm32f10x_ld.s
      At line 293 in file ..\Lib\startup\arm\startup_stm32f10x_ld.s

__heap_base 00000000

Symbol: __heap_base
   Definitions
      At line 47 in file ..\Lib\startup\arm\startup_stm32f10x_ld.s
   Uses
      None
Comment: __heap_base unused
__heap_limit 00000200

Symbol: __heap_limit
   Definitions
      At line 49 in file ..\Lib\startup\arm\startup_stm32f10x_ld.s
   Uses
      None
Comment: __heap_limit unused
4 symbols



ARM Macro Assembler    Page 1 Alphabetic symbol ordering
Relocatable symbols

RESET 00000000

Symbol: RESET
   Definitions
      At line 56 in file ..\Lib\startup\arm\startup_stm32f10x_ld.s
   Uses
      None
Comment: RESET unused
__Vectors 00000000

Symbol: __Vectors
   Definitions
      At line 61 in file ..\Lib\startup\arm\startup_stm32f10x_ld.s
   Uses
      At line 57 in file ..\Lib\startup\arm\startup_stm32f10x_ld.s
      At line 124 in file ..\Lib\startup\arm\startup_stm32f10x_ld.s

__Vectors_End 000000EC

Symbol: __Vectors_End
   Definitions
      At line 122 in file ..\Lib\startup\arm\startup_stm32f10x_ld.s
   Uses
      At line 58 in file ..\Lib\startup\arm\startup_stm32f10x_ld.s
      At line 124 in file ..\Lib\startup\arm\startup_stm32f10x_ld.s

3 symbols



ARM Macro Assembler    Page 1 Alphabetic symbol ordering
Relocatable symbols

.text 00000000

Symbol: .text
   Definitions
      At line 126 in file ..\Lib\startup\arm\startup_stm32f10x_ld.s
   Uses
      None
Comment: .text unused
ADC1_2_IRQHandler 00000024

Symbol: ADC1_2_IRQHandler
   Definitions
      At line 248 in file ..\Lib\startup\arm\startup_stm32f10x_ld.s
   Uses
      At line 97 in file ..\Lib\startup\arm\startup_stm32f10x_ld.s
      At line 209 in file ..\Lib\startup\arm\startup_stm32f10x_ld.s

BusFault_Handler 00000018

Symbol: BusFault_Handler
   Definitions
      At line 162 in file ..\Lib\startup\arm\startup_stm32f10x_ld.s
   Uses
      At line 66 in file ..\Lib\startup\arm\startup_stm32f10x_ld.s
      At line 163 in file ..\Lib\startup\arm\startup_stm32f10x_ld.s

CAN1_RX1_IRQHandler 00000024

Symbol: CAN1_RX1_IRQHandler
   Definitions
      At line 251 in file ..\Lib\startup\arm\startup_stm32f10x_ld.s
   Uses
      At line 100 in file ..\Lib\startup\arm\startup_stm32f10x_ld.s
      At line 212 in file ..\Lib\startup\arm\startup_stm32f10x_ld.s

CAN1_SCE_IRQHandler 00000024

Symbol: CAN1_SCE_IRQHandler
   Definitions
      At line 252 in file ..\Lib\startup\arm\startup_stm32f10x_ld.s
   Uses
      At line 101 in file ..\Lib\startup\arm\startup_stm32f10x_ld.s
      At line 213 in file ..\Lib\startup\arm\startup_stm32f10x_ld.s

DMA1_Channel1_IRQHandler 00000024

Symbol: DMA1_Channel1_IRQHandler
   Definitions
      At line 241 in file ..\Lib\startup\arm\startup_stm32f10x_ld.s
   Uses
      At line 90 in file ..\Lib\startup\arm\startup_stm32f10x_ld.s
      At line 202 in file ..\Lib\startup\arm\startup_stm32f10x_ld.s

DMA1_Channel2_IRQHandler 00000024

Symbol: DMA1_Channel2_IRQHandler
   Definitions
      At line 242 in file ..\Lib\startup\arm\startup_stm32f10x_ld.s
   Uses



ARM Macro Assembler    Page 2 Alphabetic symbol ordering
Relocatable symbols

      At line 91 in file ..\Lib\startup\arm\startup_stm32f10x_ld.s
      At line 203 in file ..\Lib\startup\arm\startup_stm32f10x_ld.s

DMA1_Channel3_IRQHandler 00000024

Symbol: DMA1_Channel3_IRQHandler
   Definitions
      At line 243 in file ..\Lib\startup\arm\startup_stm32f10x_ld.s
   Uses
      At line 92 in file ..\Lib\startup\arm\startup_stm32f10x_ld.s
      At line 204 in file ..\Lib\startup\arm\startup_stm32f10x_ld.s

DMA1_Channel4_IRQHandler 00000024

Symbol: DMA1_Channel4_IRQHandler
   Definitions
      At line 244 in file ..\Lib\startup\arm\startup_stm32f10x_ld.s
   Uses
      At line 93 in file ..\Lib\startup\arm\startup_stm32f10x_ld.s
      At line 205 in file ..\Lib\startup\arm\startup_stm32f10x_ld.s

DMA1_Channel5_IRQHandler 00000024

Symbol: DMA1_Channel5_IRQHandler
   Definitions
      At line 245 in file ..\Lib\startup\arm\startup_stm32f10x_ld.s
   Uses
      At line 94 in file ..\Lib\startup\arm\startup_stm32f10x_ld.s
      At line 206 in file ..\Lib\startup\arm\startup_stm32f10x_ld.s

DMA1_Channel6_IRQHandler 00000024

Symbol: DMA1_Channel6_IRQHandler
   Definitions
      At line 246 in file ..\Lib\startup\arm\startup_stm32f10x_ld.s
   Uses
      At line 95 in file ..\Lib\startup\arm\startup_stm32f10x_ld.s
      At line 207 in file ..\Lib\startup\arm\startup_stm32f10x_ld.s

DMA1_Channel7_IRQHandler 00000024

Symbol: DMA1_Channel7_IRQHandler
   Definitions
      At line 247 in file ..\Lib\startup\arm\startup_stm32f10x_ld.s
   Uses
      At line 96 in file ..\Lib\startup\arm\startup_stm32f10x_ld.s
      At line 208 in file ..\Lib\startup\arm\startup_stm32f10x_ld.s

DebugMon_Handler 0000001E

Symbol: DebugMon_Handler
   Definitions
      At line 176 in file ..\Lib\startup\arm\startup_stm32f10x_ld.s
   Uses
      At line 73 in file ..\Lib\startup\arm\startup_stm32f10x_ld.s
      At line 177 in file ..\Lib\startup\arm\startup_stm32f10x_ld.s

Default_Handler 00000024




ARM Macro Assembler    Page 3 Alphabetic symbol ordering
Relocatable symbols

Symbol: Default_Handler
   Definitions
      At line 189 in file ..\Lib\startup\arm\startup_stm32f10x_ld.s
   Uses
      None
Comment: Default_Handler unused
EXTI0_IRQHandler 00000024

Symbol: EXTI0_IRQHandler
   Definitions
      At line 236 in file ..\Lib\startup\arm\startup_stm32f10x_ld.s
   Uses
      At line 85 in file ..\Lib\startup\arm\startup_stm32f10x_ld.s
      At line 197 in file ..\Lib\startup\arm\startup_stm32f10x_ld.s

EXTI15_10_IRQHandler 00000024

Symbol: EXTI15_10_IRQHandler
   Definitions
      At line 265 in file ..\Lib\startup\arm\startup_stm32f10x_ld.s
   Uses
      At line 119 in file ..\Lib\startup\arm\startup_stm32f10x_ld.s
      At line 226 in file ..\Lib\startup\arm\startup_stm32f10x_ld.s

EXTI1_IRQHandler 00000024

Symbol: EXTI1_IRQHandler
   Definitions
      At line 237 in file ..\Lib\startup\arm\startup_stm32f10x_ld.s
   Uses
      At line 86 in file ..\Lib\startup\arm\startup_stm32f10x_ld.s
      At line 198 in file ..\Lib\startup\arm\startup_stm32f10x_ld.s

EXTI2_IRQHandler 00000024

Symbol: EXTI2_IRQHandler
   Definitions
      At line 238 in file ..\Lib\startup\arm\startup_stm32f10x_ld.s
   Uses
      At line 87 in file ..\Lib\startup\arm\startup_stm32f10x_ld.s
      At line 199 in file ..\Lib\startup\arm\startup_stm32f10x_ld.s

EXTI3_IRQHandler 00000024

Symbol: EXTI3_IRQHandler
   Definitions
      At line 239 in file ..\Lib\startup\arm\startup_stm32f10x_ld.s
   Uses
      At line 88 in file ..\Lib\startup\arm\startup_stm32f10x_ld.s
      At line 200 in file ..\Lib\startup\arm\startup_stm32f10x_ld.s

EXTI4_IRQHandler 00000024

Symbol: EXTI4_IRQHandler
   Definitions
      At line 240 in file ..\Lib\startup\arm\startup_stm32f10x_ld.s
   Uses
      At line 89 in file ..\Lib\startup\arm\startup_stm32f10x_ld.s
      At line 201 in file ..\Lib\startup\arm\startup_stm32f10x_ld.s



ARM Macro Assembler    Page 4 Alphabetic symbol ordering
Relocatable symbols


EXTI9_5_IRQHandler 00000024

Symbol: EXTI9_5_IRQHandler
   Definitions
      At line 253 in file ..\Lib\startup\arm\startup_stm32f10x_ld.s
   Uses
      At line 102 in file ..\Lib\startup\arm\startup_stm32f10x_ld.s
      At line 214 in file ..\Lib\startup\arm\startup_stm32f10x_ld.s

FLASH_IRQHandler 00000024

Symbol: FLASH_IRQHandler
   Definitions
      At line 234 in file ..\Lib\startup\arm\startup_stm32f10x_ld.s
   Uses
      At line 83 in file ..\Lib\startup\arm\startup_stm32f10x_ld.s
      At line 195 in file ..\Lib\startup\arm\startup_stm32f10x_ld.s

HardFault_Handler 00000014

Symbol: HardFault_Handler
   Definitions
      At line 152 in file ..\Lib\startup\arm\startup_stm32f10x_ld.s
   Uses
      At line 64 in file ..\Lib\startup\arm\startup_stm32f10x_ld.s
      At line 153 in file ..\Lib\startup\arm\startup_stm32f10x_ld.s

I2C1_ER_IRQHandler 00000024

Symbol: I2C1_ER_IRQHandler
   Definitions
      At line 261 in file ..\Lib\startup\arm\startup_stm32f10x_ld.s
   Uses
      At line 111 in file ..\Lib\startup\arm\startup_stm32f10x_ld.s
      At line 222 in file ..\Lib\startup\arm\startup_stm32f10x_ld.s

I2C1_EV_IRQHandler 00000024

Symbol: I2C1_EV_IRQHandler
   Definitions
      At line 260 in file ..\Lib\startup\arm\startup_stm32f10x_ld.s
   Uses
      At line 110 in file ..\Lib\startup\arm\startup_stm32f10x_ld.s
      At line 221 in file ..\Lib\startup\arm\startup_stm32f10x_ld.s

MemManage_Handler 00000016

Symbol: MemManage_Handler
   Definitions
      At line 157 in file ..\Lib\startup\arm\startup_stm32f10x_ld.s
   Uses
      At line 65 in file ..\Lib\startup\arm\startup_stm32f10x_ld.s
      At line 158 in file ..\Lib\startup\arm\startup_stm32f10x_ld.s

NMI_Handler 00000012

Symbol: NMI_Handler
   Definitions



ARM Macro Assembler    Page 5 Alphabetic symbol ordering
Relocatable symbols

      At line 147 in file ..\Lib\startup\arm\startup_stm32f10x_ld.s
   Uses
      At line 63 in file ..\Lib\startup\arm\startup_stm32f10x_ld.s
      At line 148 in file ..\Lib\startup\arm\startup_stm32f10x_ld.s

PVD_IRQHandler 00000024

Symbol: PVD_IRQHandler
   Definitions
      At line 231 in file ..\Lib\startup\arm\startup_stm32f10x_ld.s
   Uses
      At line 80 in file ..\Lib\startup\arm\startup_stm32f10x_ld.s
      At line 192 in file ..\Lib\startup\arm\startup_stm32f10x_ld.s

PendSV_Handler 00000020

Symbol: PendSV_Handler
   Definitions
      At line 180 in file ..\Lib\startup\arm\startup_stm32f10x_ld.s
   Uses
      At line 75 in file ..\Lib\startup\arm\startup_stm32f10x_ld.s
      At line 181 in file ..\Lib\startup\arm\startup_stm32f10x_ld.s

RCC_IRQHandler 00000024

Symbol: RCC_IRQHandler
   Definitions
      At line 235 in file ..\Lib\startup\arm\startup_stm32f10x_ld.s
   Uses
      At line 84 in file ..\Lib\startup\arm\startup_stm32f10x_ld.s
      At line 196 in file ..\Lib\startup\arm\startup_stm32f10x_ld.s

RTCAlarm_IRQHandler 00000024

Symbol: RTCAlarm_IRQHandler
   Definitions
      At line 266 in file ..\Lib\startup\arm\startup_stm32f10x_ld.s
   Uses
      At line 120 in file ..\Lib\startup\arm\startup_stm32f10x_ld.s
      At line 227 in file ..\Lib\startup\arm\startup_stm32f10x_ld.s

RTC_IRQHandler 00000024

Symbol: RTC_IRQHandler
   Definitions
      At line 233 in file ..\Lib\startup\arm\startup_stm32f10x_ld.s
   Uses
      At line 82 in file ..\Lib\startup\arm\startup_stm32f10x_ld.s
      At line 194 in file ..\Lib\startup\arm\startup_stm32f10x_ld.s

Reset_Handler 00000000

Symbol: Reset_Handler
   Definitions
      At line 129 in file ..\Lib\startup\arm\startup_stm32f10x_ld.s
   Uses
      At line 62 in file ..\Lib\startup\arm\startup_stm32f10x_ld.s
      At line 130 in file ..\Lib\startup\arm\startup_stm32f10x_ld.s




ARM Macro Assembler    Page 6 Alphabetic symbol ordering
Relocatable symbols

SPI1_IRQHandler 00000024

Symbol: SPI1_IRQHandler
   Definitions
      At line 262 in file ..\Lib\startup\arm\startup_stm32f10x_ld.s
   Uses
      At line 114 in file ..\Lib\startup\arm\startup_stm32f10x_ld.s
      At line 223 in file ..\Lib\startup\arm\startup_stm32f10x_ld.s

SVC_Handler 0000001C

Symbol: SVC_Handler
   Definitions
      At line 171 in file ..\Lib\startup\arm\startup_stm32f10x_ld.s
   Uses
      At line 72 in file ..\Lib\startup\arm\startup_stm32f10x_ld.s
      At line 172 in file ..\Lib\startup\arm\startup_stm32f10x_ld.s

SysTick_Handler 00000022

Symbol: SysTick_Handler
   Definitions
      At line 184 in file ..\Lib\startup\arm\startup_stm32f10x_ld.s
   Uses
      At line 76 in file ..\Lib\startup\arm\startup_stm32f10x_ld.s
      At line 185 in file ..\Lib\startup\arm\startup_stm32f10x_ld.s

TAMPER_IRQHandler 00000024

Symbol: TAMPER_IRQHandler
   Definitions
      At line 232 in file ..\Lib\startup\arm\startup_stm32f10x_ld.s
   Uses
      At line 81 in file ..\Lib\startup\arm\startup_stm32f10x_ld.s
      At line 193 in file ..\Lib\startup\arm\startup_stm32f10x_ld.s

TIM1_BRK_IRQHandler 00000024

Symbol: TIM1_BRK_IRQHandler
   Definitions
      At line 254 in file ..\Lib\startup\arm\startup_stm32f10x_ld.s
   Uses
      At line 103 in file ..\Lib\startup\arm\startup_stm32f10x_ld.s
      At line 215 in file ..\Lib\startup\arm\startup_stm32f10x_ld.s

TIM1_CC_IRQHandler 00000024

Symbol: TIM1_CC_IRQHandler
   Definitions
      At line 257 in file ..\Lib\startup\arm\startup_stm32f10x_ld.s
   Uses
      At line 106 in file ..\Lib\startup\arm\startup_stm32f10x_ld.s
      At line 218 in file ..\Lib\startup\arm\startup_stm32f10x_ld.s

TIM1_TRG_COM_IRQHandler 00000024

Symbol: TIM1_TRG_COM_IRQHandler
   Definitions
      At line 256 in file ..\Lib\startup\arm\startup_stm32f10x_ld.s



ARM Macro Assembler    Page 7 Alphabetic symbol ordering
Relocatable symbols

   Uses
      At line 105 in file ..\Lib\startup\arm\startup_stm32f10x_ld.s
      At line 217 in file ..\Lib\startup\arm\startup_stm32f10x_ld.s

TIM1_UP_IRQHandler 00000024

Symbol: TIM1_UP_IRQHandler
   Definitions
      At line 255 in file ..\Lib\startup\arm\startup_stm32f10x_ld.s
   Uses
      At line 104 in file ..\Lib\startup\arm\startup_stm32f10x_ld.s
      At line 216 in file ..\Lib\startup\arm\startup_stm32f10x_ld.s

TIM2_IRQHandler 00000024

Symbol: TIM2_IRQHandler
   Definitions
      At line 258 in file ..\Lib\startup\arm\startup_stm32f10x_ld.s
   Uses
      At line 107 in file ..\Lib\startup\arm\startup_stm32f10x_ld.s
      At line 219 in file ..\Lib\startup\arm\startup_stm32f10x_ld.s

TIM3_IRQHandler 00000024

Symbol: TIM3_IRQHandler
   Definitions
      At line 259 in file ..\Lib\startup\arm\startup_stm32f10x_ld.s
   Uses
      At line 108 in file ..\Lib\startup\arm\startup_stm32f10x_ld.s
      At line 220 in file ..\Lib\startup\arm\startup_stm32f10x_ld.s

USART1_IRQHandler 00000024

Symbol: USART1_IRQHandler
   Definitions
      At line 263 in file ..\Lib\startup\arm\startup_stm32f10x_ld.s
   Uses
      At line 116 in file ..\Lib\startup\arm\startup_stm32f10x_ld.s
      At line 224 in file ..\Lib\startup\arm\startup_stm32f10x_ld.s

USART2_IRQHandler 00000024

Symbol: USART2_IRQHandler
   Definitions
      At line 264 in file ..\Lib\startup\arm\startup_stm32f10x_ld.s
   Uses
      At line 117 in file ..\Lib\startup\arm\startup_stm32f10x_ld.s
      At line 225 in file ..\Lib\startup\arm\startup_stm32f10x_ld.s

USBWakeUp_IRQHandler 00000024

Symbol: USBWakeUp_IRQHandler
   Definitions
      At line 267 in file ..\Lib\startup\arm\startup_stm32f10x_ld.s
   Uses
      At line 121 in file ..\Lib\startup\arm\startup_stm32f10x_ld.s
      At line 228 in file ..\Lib\startup\arm\startup_stm32f10x_ld.s

USB_HP_CAN1_TX_IRQHandler 00000024



ARM Macro Assembler    Page 8 Alphabetic symbol ordering
Relocatable symbols


Symbol: USB_HP_CAN1_TX_IRQHandler
   Definitions
      At line 249 in file ..\Lib\startup\arm\startup_stm32f10x_ld.s
   Uses
      At line 98 in file ..\Lib\startup\arm\startup_stm32f10x_ld.s
      At line 210 in file ..\Lib\startup\arm\startup_stm32f10x_ld.s

USB_LP_CAN1_RX0_IRQHandler 00000024

Symbol: USB_LP_CAN1_RX0_IRQHandler
   Definitions
      At line 250 in file ..\Lib\startup\arm\startup_stm32f10x_ld.s
   Uses
      At line 99 in file ..\Lib\startup\arm\startup_stm32f10x_ld.s
      At line 211 in file ..\Lib\startup\arm\startup_stm32f10x_ld.s

UsageFault_Handler 0000001A

Symbol: UsageFault_Handler
   Definitions
      At line 167 in file ..\Lib\startup\arm\startup_stm32f10x_ld.s
   Uses
      At line 67 in file ..\Lib\startup\arm\startup_stm32f10x_ld.s
      At line 168 in file ..\Lib\startup\arm\startup_stm32f10x_ld.s

WWDG_IRQHandler 00000024

Symbol: WWDG_IRQHandler
   Definitions
      At line 230 in file ..\Lib\startup\arm\startup_stm32f10x_ld.s
   Uses
      At line 79 in file ..\Lib\startup\arm\startup_stm32f10x_ld.s
      At line 191 in file ..\Lib\startup\arm\startup_stm32f10x_ld.s

__user_initial_stackheap 00000028

Symbol: __user_initial_stackheap
   Definitions
      At line 289 in file ..\Lib\startup\arm\startup_stm32f10x_ld.s
   Uses
      At line 287 in file ..\Lib\startup\arm\startup_stm32f10x_ld.s
Comment: __user_initial_stackheap used once
51 symbols



ARM Macro Assembler    Page 1 Alphabetic symbol ordering
Absolute symbols

Heap_Size 00000200

Symbol: Heap_Size
   Definitions
      At line 44 in file ..\Lib\startup\arm\startup_stm32f10x_ld.s
   Uses
      At line 48 in file ..\Lib\startup\arm\startup_stm32f10x_ld.s
      At line 293 in file ..\Lib\startup\arm\startup_stm32f10x_ld.s

Stack_Size 00000400

Symbol: Stack_Size
   Definitions
      At line 33 in file ..\Lib\startup\arm\startup_stm32f10x_ld.s
   Uses
      At line 36 in file ..\Lib\startup\arm\startup_stm32f10x_ld.s
      At line 292 in file ..\Lib\startup\arm\startup_stm32f10x_ld.s

__Vectors_Size 000000EC

Symbol: __Vectors_Size
   Definitions
      At line 124 in file ..\Lib\startup\arm\startup_stm32f10x_ld.s
   Uses
      At line 59 in file ..\Lib\startup\arm\startup_stm32f10x_ld.s
Comment: __Vectors_Size used once
3 symbols



ARM Macro Assembler    Page 1 Alphabetic symbol ordering
External symbols

SystemInit 00000000

Symbol: SystemInit
   Definitions
      At line 132 in file ..\Lib\startup\arm\startup_stm32f10x_ld.s
   Uses
      At line 139 in file ..\Lib\startup\arm\startup_stm32f10x_ld.s
Comment: SystemInit used once
__main 00000000

Symbol: __main
   Definitions
      At line 131 in file ..\Lib\startup\arm\startup_stm32f10x_ld.s
   Uses
      At line 141 in file ..\Lib\startup\arm\startup_stm32f10x_ld.s
Comment: __main used once
__use_two_region_memory 00000000

Symbol: __use_two_region_memory
   Definitions
      At line 286 in file ..\Lib\startup\arm\startup_stm32f10x_ld.s
   Uses
      None
Comment: __use_two_region_memory unused
3 symbols
402 symbols in table
